app/build/intermediates/manifest_merge_blame_file/debug/processDebugMainManifest/manifest-merger-blame-debug-report.txt
1<?xml version="1.0" encoding="utf-8"?>
2<manifest xmlns:android="http://schemas.android.com/apk/res/android"
3    package="com.swahilib"
4    android:versionCode="150"
5    android:versionName="1.0.150" >
6
7    <uses-sdk
8        android:minSdkVersion="26"
9        android:targetSdkVersion="36" />
10
11    <uses-permission android:name="android.permission.INTERNET" />
11-->src/main/AndroidManifest.xml:5:5-67
11-->src/main/AndroidManifest.xml:5:22-64
12    <uses-permission android:name="android.permission.ACCESS_NETWORK_STATE" />
12-->src/main/AndroidManifest.xml:6:5-79
12-->src/main/AndroidManifest.xml:6:22-76
13    <uses-permission android:name="com.android.vending.BILLING" />
13-->[com.android.billingclient:billing:8.0.0] AndroidManifest.xml:10:5-67
13-->[com.android.billingclient:billing:8.0.0] AndroidManifest.xml:10:22-64
14
15    <queries>
15-->[com.android.billingclient:billing:8.0.0] AndroidManifest.xml:12:5-19:15
16        <intent>
16-->[com.android.billingclient:billing:8.0.0] AndroidManifest.xml:13:9-15:18
17            <action android:name="com.android.vending.billing.InAppBillingService.BIND" />
17-->[com.android.billingclient:billing:8.0.0] AndroidManifest.xml:14:13-91
17-->[com.android.billingclient:billing:8.0.0] AndroidManifest.xml:14:21-88
18        </intent>
19        <intent>
19-->[com.android.billingclient:billing:8.0.0] AndroidManifest.xml:16:9-18:18
20            <action android:name="com.google.android.apps.play.billingtestcompanion.BillingOverrideService.BIND" />
20-->[com.android.billingclient:billing:8.0.0] AndroidManifest.xml:17:13-116
20-->[com.android.billingclient:billing:8.0.0] AndroidManifest.xml:17:21-113
21        </intent>
22    </queries>
23
24    <permission
24-->[androidx.core:core:1.16.0] AndroidManifest.xml:22:5-24:47
25        android:name="com.swahilib.DYNAMIC_RECEIVER_NOT_EXPORTED_PERMISSION"
25-->[androidx.core:core:1.16.0] AndroidManifest.xml:23:9-81
26        android:protectionLevel="signature" />
26-->[androidx.core:core:1.16.0] AndroidManifest.xml:24:9-44
27
28    <uses-permission android:name="com.swahilib.DYNAMIC_RECEIVER_NOT_EXPORTED_PERMISSION" />
28-->[androidx.core:core:1.16.0] AndroidManifest.xml:26:5-97
28-->[androidx.core:core:1.16.0] AndroidManifest.xml:26:22-94
29
30    <application
30-->src/main/AndroidManifest.xml:8:5-47:15
31        android:name="com.swahilib.SwahiLibApp"
31-->src/main/AndroidManifest.xml:10:9-36
32        android:allowBackup="true"
32-->src/main/AndroidManifest.xml:11:9-35
33        android:appComponentFactory="androidx.core.app.CoreComponentFactory"
33-->[androidx.core:core:1.16.0] AndroidManifest.xml:28:18-86
34        android:dataExtractionRules="@xml/data_extraction_rules"
34-->src/main/AndroidManifest.xml:12:9-65
35        android:debuggable="true"
36        android:extractNativeLibs="false"
37        android:fullBackupContent="@xml/backup_rules"
37-->src/main/AndroidManifest.xml:13:9-54
38        android:icon="@mipmap/ic_launcher"
38-->src/main/AndroidManifest.xml:14:9-43
39        android:label="@string/app_name"
39-->src/main/AndroidManifest.xml:9:9-41
40        android:roundIcon="@mipmap/ic_launcher_round"
40-->src/main/AndroidManifest.xml:15:9-54
41        android:supportsRtl="true"
41-->src/main/AndroidManifest.xml:16:9-35
42        android:testOnly="true"
43        android:theme="@style/Theme.SwahiLib" >
43-->src/main/AndroidManifest.xml:17:9-46
44        <activity
44-->src/main/AndroidManifest.xml:20:9-29:20
45            android:name="com.swahilib.MainActivity"
45-->src/main/AndroidManifest.xml:21:13-41
46            android:exported="true"
46-->src/main/AndroidManifest.xml:22:13-36
47            android:theme="@style/Theme.SwahiLib" >
47-->src/main/AndroidManifest.xml:23:13-50
48            <intent-filter>
48-->src/main/AndroidManifest.xml:24:13-28:29
49                <action android:name="android.intent.action.MAIN" />
49-->src/main/AndroidManifest.xml:25:17-69
49-->src/main/AndroidManifest.xml:25:25-66
50
51                <category android:name="android.intent.category.LAUNCHER" />
51-->src/main/AndroidManifest.xml:27:17-77
51-->src/main/AndroidManifest.xml:27:27-74
52            </intent-filter>
53        </activity>
54
55        <!-- Required: set your sentry.io project identifier (DSN) -->
56        <meta-data
56-->src/main/AndroidManifest.xml:32:5-150
57            android:name="io.sentry.dsn"
57-->src/main/AndroidManifest.xml:32:16-44
58            android:value="https://5d37028f997b42e29ffd7286854acf72@o1365314.ingest.us.sentry.io/4504651527356416" />
58-->src/main/AndroidManifest.xml:32:45-147
59        <!-- Add data like request headers, user ip address and device name, see https://docs.sentry.io/platforms/android/data-management/data-collected/ for more info -->
60        <meta-data
60-->src/main/AndroidManifest.xml:34:5-81
61            android:name="io.sentry.send-default-pii"
61-->src/main/AndroidManifest.xml:34:16-57
62            android:value="true" />
62-->src/main/AndroidManifest.xml:34:58-78
63
64        <!-- enable automatic breadcrumbs for user interactions (clicks, swipes, scrolls) -->
65        <meta-data
65-->src/main/AndroidManifest.xml:37:5-95
66            android:name="io.sentry.traces.user-interaction.enable"
66-->src/main/AndroidManifest.xml:37:16-71
67            android:value="true" />
67-->src/main/AndroidManifest.xml:37:72-92
68        <!-- enable screenshot for crashes (could contain sensitive/PII data) -->
69        <meta-data
69-->src/main/AndroidManifest.xml:39:5-82
70            android:name="io.sentry.attach-screenshot"
70-->src/main/AndroidManifest.xml:39:16-58
71            android:value="true" />
71-->src/main/AndroidManifest.xml:39:59-79
72        <!-- enable view hierarchy for crashes -->
73        <meta-data
73-->src/main/AndroidManifest.xml:41:5-86
74            android:name="io.sentry.attach-view-hierarchy"
74-->src/main/AndroidManifest.xml:41:16-62
75            android:value="true" />
75-->src/main/AndroidManifest.xml:41:63-83
76
77        <!-- enable the performance API by setting a sample-rate, adjust in production env -->
78        <meta-data
78-->src/main/AndroidManifest.xml:44:5-82
79            android:name="io.sentry.traces.sample-rate"
79-->src/main/AndroidManifest.xml:44:16-59
80            android:value="1.0" />
80-->src/main/AndroidManifest.xml:44:60-79
81        <!-- enable Sentry Logs -->
82        <meta-data
82-->src/main/AndroidManifest.xml:46:5-77
83            android:name="io.sentry.logs.enabled"
83-->src/main/AndroidManifest.xml:46:16-53
84            android:value="true" />
84-->src/main/AndroidManifest.xml:46:54-74
85
86        <activity
86-->[com.revenuecat.purchases:purchases-ui:9.7.2] AndroidManifest.xml:8:9-10:40
87            android:name="com.revenuecat.purchases.ui.revenuecatui.activity.PaywallActivity"
87-->[com.revenuecat.purchases:purchases-ui:9.7.2] AndroidManifest.xml:9:13-93
88            android:exported="false" />
88-->[com.revenuecat.purchases:purchases-ui:9.7.2] AndroidManifest.xml:10:13-37
89        <activity
89-->[com.revenuecat.purchases:purchases-ui:9.7.2] AndroidManifest.xml:11:9-14:63
90            android:name="com.revenuecat.purchases.ui.revenuecatui.customercenter.CustomerCenterActivity"
90-->[com.revenuecat.purchases:purchases-ui:9.7.2] AndroidManifest.xml:12:13-106
91            android:exported="false"
91-->[com.revenuecat.purchases:purchases-ui:9.7.2] AndroidManifest.xml:13:13-37
92            android:theme="@android:style/Theme.NoTitleBar" />
92-->[com.revenuecat.purchases:purchases-ui:9.7.2] AndroidManifest.xml:14:13-60
93        <activity
93-->[com.revenuecat.purchases:purchases:9.7.2] AndroidManifest.xml:10:9-13:75
94            android:name="com.revenuecat.purchases.amazon.purchasing.ProxyAmazonBillingActivity"
94-->[com.revenuecat.purchases:purchases:9.7.2] AndroidManifest.xml:11:13-97
95            android:configChanges="keyboard|keyboardHidden|screenLayout|screenSize|orientation"
95-->[com.revenuecat.purchases:purchases:9.7.2] AndroidManifest.xml:12:13-96
96            android:theme="@android:style/Theme.Translucent.NoTitleBar" />
96-->[com.revenuecat.purchases:purchases:9.7.2] AndroidManifest.xml:13:13-72
97
98        <meta-data
98-->[com.android.billingclient:billing:8.0.0] AndroidManifest.xml:22:9-24:37
99            android:name="com.google.android.play.billingclient.version"
99-->[com.android.billingclient:billing:8.0.0] AndroidManifest.xml:23:13-73
100            android:value="8.0.0" />
100-->[com.android.billingclient:billing:8.0.0] AndroidManifest.xml:24:13-34
101
102        <activity
102-->[com.android.billingclient:billing:8.0.0] AndroidManifest.xml:26:9-30:75
103            android:name="com.android.billingclient.api.ProxyBillingActivity"
103-->[com.android.billingclient:billing:8.0.0] AndroidManifest.xml:27:13-78
104            android:configChanges="keyboard|keyboardHidden|screenLayout|screenSize|orientation"
104-->[com.android.billingclient:billing:8.0.0] AndroidManifest.xml:28:13-96
105            android:exported="false"
105-->[com.android.billingclient:billing:8.0.0] AndroidManifest.xml:29:13-37
106            android:theme="@android:style/Theme.Translucent.NoTitleBar" />
106-->[com.android.billingclient:billing:8.0.0] AndroidManifest.xml:30:13-72
107        <activity
107-->[com.android.billingclient:billing:8.0.0] AndroidManifest.xml:31:9-35:75
108            android:name="com.android.billingclient.api.ProxyBillingActivityV2"
108-->[com.android.billingclient:billing:8.0.0] AndroidManifest.xml:32:13-80
109            android:configChanges="keyboard|keyboardHidden|screenLayout|screenSize|orientation"
109-->[com.android.billingclient:billing:8.0.0] AndroidManifest.xml:33:13-96
110            android:exported="false"
110-->[com.android.billingclient:billing:8.0.0] AndroidManifest.xml:34:13-37
111            android:theme="@android:style/Theme.Translucent.NoTitleBar" />
111-->[com.android.billingclient:billing:8.0.0] AndroidManifest.xml:35:13-72
112        <activity
112-->[com.google.android.gms:play-services-base:18.5.0] AndroidManifest.xml:5:9-173
113            android:name="com.google.android.gms.common.api.GoogleApiActivity"
113-->[com.google.android.gms:play-services-base:18.5.0] AndroidManifest.xml:5:19-85
114            android:exported="false"
114-->[com.google.android.gms:play-services-base:18.5.0] AndroidManifest.xml:5:146-170
115            android:theme="@android:style/Theme.Translucent.NoTitleBar" />
115-->[com.google.android.gms:play-services-base:18.5.0] AndroidManifest.xml:5:86-145
116
117        <meta-data
117-->[com.google.android.gms:play-services-basement:18.4.0] AndroidManifest.xml:6:9-122
118            android:name="com.google.android.gms.version"
118-->[com.google.android.gms:play-services-basement:18.4.0] AndroidManifest.xml:6:20-65
119            android:value="@integer/google_play_services_version" />
119-->[com.google.android.gms:play-services-basement:18.4.0] AndroidManifest.xml:6:66-119
120
121        <activity
121-->[androidx.compose.ui:ui-test-manifest:1.10.0] AndroidManifest.xml:23:9-26:79
122            android:name="androidx.activity.ComponentActivity"
122-->[androidx.compose.ui:ui-test-manifest:1.10.0] AndroidManifest.xml:24:13-63
123            android:exported="true"
123-->[androidx.compose.ui:ui-test-manifest:1.10.0] AndroidManifest.xml:25:13-36
124            android:theme="@android:style/Theme.Material.Light.NoActionBar" />
124-->[androidx.compose.ui:ui-test-manifest:1.10.0] AndroidManifest.xml:26:13-76
125        <activity
125-->[androidx.compose.ui:ui-tooling-android:1.10.0] AndroidManifest.xml:23:9-25:39
126            android:name="androidx.compose.ui.tooling.PreviewActivity"
126-->[androidx.compose.ui:ui-tooling-android:1.10.0] AndroidManifest.xml:24:13-71
127            android:exported="true" /> <!-- 'android:authorities' must be unique in the device, across all apps -->
127-->[androidx.compose.ui:ui-tooling-android:1.10.0] AndroidManifest.xml:25:13-36
128        <provider
128-->[io.sentry:sentry-android-core:8.22.0] AndroidManifest.xml:12:9-15:40
129            android:name="io.sentry.android.core.SentryInitProvider"
129-->[io.sentry:sentry-android-core:8.22.0] AndroidManifest.xml:13:13-69
130            android:authorities="com.swahilib.SentryInitProvider"
130-->[io.sentry:sentry-android-core:8.22.0] AndroidManifest.xml:14:13-70
131            android:exported="false" />
131-->[io.sentry:sentry-android-core:8.22.0] AndroidManifest.xml:15:13-37
132        <provider
132-->[io.sentry:sentry-android-core:8.22.0] AndroidManifest.xml:16:9-20:39
133            android:name="io.sentry.android.core.SentryPerformanceProvider"
133-->[io.sentry:sentry-android-core:8.22.0] AndroidManifest.xml:17:13-76
134            android:authorities="com.swahilib.SentryPerformanceProvider"
134-->[io.sentry:sentry-android-core:8.22.0] AndroidManifest.xml:18:13-77
135            android:exported="false"
135-->[io.sentry:sentry-android-core:8.22.0] AndroidManifest.xml:19:13-37
136            android:initOrder="200" />
136-->[io.sentry:sentry-android-core:8.22.0] AndroidManifest.xml:20:13-36
137        <provider
137-->[io.github.jan-tennert.supabase:auth-kt-android-debug:3.2.4] AndroidManifest.xml:9:9-17:20
138            android:name="androidx.startup.InitializationProvider"
138-->[io.github.jan-tennert.supabase:auth-kt-android-debug:3.2.4] AndroidManifest.xml:10:13-67
139            android:authorities="com.swahilib.androidx-startup"
139-->[io.github.jan-tennert.supabase:auth-kt-android-debug:3.2.4] AndroidManifest.xml:11:13-68
140            android:exported="false" >
140-->[io.github.jan-tennert.supabase:auth-kt-android-debug:3.2.4] AndroidManifest.xml:12:13-37
141            <meta-data
141-->[io.github.jan-tennert.supabase:auth-kt-android-debug:3.2.4] AndroidManifest.xml:14:13-16:52
142                android:name="io.github.jan.supabase.auth.SupabaseInitializer"
142-->[io.github.jan-tennert.supabase:auth-kt-android-debug:3.2.4] AndroidManifest.xml:15:17-79
143                android:value="androidx.startup" />
143-->[io.github.jan-tennert.supabase:auth-kt-android-debug:3.2.4] AndroidManifest.xml:16:17-49
144            <meta-data
144-->[androidx.emoji2:emoji2:1.4.0] AndroidManifest.xml:29:13-31:52
145                android:name="androidx.emoji2.text.EmojiCompatInitializer"
145-->[androidx.emoji2:emoji2:1.4.0] AndroidManifest.xml:30:17-75
146                android:value="androidx.startup" />
146-->[androidx.emoji2:emoji2:1.4.0] AndroidManifest.xml:31:17-49
147            <meta-data
147-->[androidx.lifecycle:lifecycle-process:2.9.4] AndroidManifest.xml:29:13-31:52
148                android:name="androidx.lifecycle.ProcessLifecycleInitializer"
148-->[androidx.lifecycle:lifecycle-process:2.9.4] AndroidManifest.xml:30:17-78
149                android:value="androidx.startup" />
149-->[androidx.lifecycle:lifecycle-process:2.9.4] AndroidManifest.xml:31:17-49
150            <meta-data
150-->[androidx.profileinstaller:profileinstaller:1.4.0] AndroidManifest.xml:29:13-31:52
151                android:name="androidx.profileinstaller.ProfileInstallerInitializer"
151-->[androidx.profileinstaller:profileinstaller:1.4.0] AndroidManifest.xml:30:17-85
152                android:value="androidx.startup" />
152-->[androidx.profileinstaller:profileinstaller:1.4.0] AndroidManifest.xml:31:17-49
153            <meta-data
153-->[com.russhwolf:multiplatform-settings-no-arg-android-debug:1.3.0] AndroidManifest.xml:29:13-31:52
154                android:name="com.russhwolf.settings.SettingsInitializer"
154-->[com.russhwolf:multiplatform-settings-no-arg-android-debug:1.3.0] AndroidManifest.xml:30:17-74
155                android:value="androidx.startup" />
155-->[com.russhwolf:multiplatform-settings-no-arg-android-debug:1.3.0] AndroidManifest.xml:31:17-49
156        </provider>
157
158        <uses-library
158-->[androidx.window:window:1.5.0] AndroidManifest.xml:23:9-25:40
159            android:name="androidx.window.extensions"
159-->[androidx.window:window:1.5.0] AndroidManifest.xml:24:13-54
160            android:required="false" />
160-->[androidx.window:window:1.5.0] AndroidManifest.xml:25:13-37
161        <uses-library
161-->[androidx.window:window:1.5.0] AndroidManifest.xml:26:9-28:40
162            android:name="androidx.window.sidecar"
162-->[androidx.window:window:1.5.0] AndroidManifest.xml:27:13-51
163            android:required="false" />
163-->[androidx.window:window:1.5.0] AndroidManifest.xml:28:13-37
164
165        <service
165-->[androidx.room:room-runtime-android:2.8.1] AndroidManifest.xml:24:9-28:63
166            android:name="androidx.room.MultiInstanceInvalidationService"
166-->[androidx.room:room-runtime-android:2.8.1] AndroidManifest.xml:25:13-74
167            android:directBootAware="true"
167-->[androidx.room:room-runtime-android:2.8.1] AndroidManifest.xml:26:13-43
168            android:exported="false" />
168-->[androidx.room:room-runtime-android:2.8.1] AndroidManifest.xml:27:13-37
169        <service
169-->[com.google.android.datatransport:transport-backend-cct:3.1.8] AndroidManifest.xml:28:9-34:19
170            android:name="com.google.android.datatransport.runtime.backends.TransportBackendDiscovery"
170-->[com.google.android.datatransport:transport-backend-cct:3.1.8] AndroidManifest.xml:29:13-103
171            android:exported="false" >
171-->[com.google.android.datatransport:transport-backend-cct:3.1.8] AndroidManifest.xml:30:13-37
172            <meta-data
172-->[com.google.android.datatransport:transport-backend-cct:3.1.8] AndroidManifest.xml:31:13-33:39
173                android:name="backend:com.google.android.datatransport.cct.CctBackendFactory"
173-->[com.google.android.datatransport:transport-backend-cct:3.1.8] AndroidManifest.xml:32:17-94
174                android:value="cct" />
174-->[com.google.android.datatransport:transport-backend-cct:3.1.8] AndroidManifest.xml:33:17-36
175        </service>
176        <service
176-->[com.google.android.datatransport:transport-runtime:3.1.8] AndroidManifest.xml:26:9-30:19
177            android:name="com.google.android.datatransport.runtime.scheduling.jobscheduling.JobInfoSchedulerService"
177-->[com.google.android.datatransport:transport-runtime:3.1.8] AndroidManifest.xml:27:13-117
178            android:exported="false"
178-->[com.google.android.datatransport:transport-runtime:3.1.8] AndroidManifest.xml:28:13-37
179            android:permission="android.permission.BIND_JOB_SERVICE" >
179-->[com.google.android.datatransport:transport-runtime:3.1.8] AndroidManifest.xml:29:13-69
180        </service>
181
182        <receiver
182-->[com.google.android.datatransport:transport-runtime:3.1.8] AndroidManifest.xml:32:9-34:40
183            android:name="com.google.android.datatransport.runtime.scheduling.jobscheduling.AlarmManagerSchedulerBroadcastReceiver"
183-->[com.google.android.datatransport:transport-runtime:3.1.8] AndroidManifest.xml:33:13-132
184            android:exported="false" />
184-->[com.google.android.datatransport:transport-runtime:3.1.8] AndroidManifest.xml:34:13-37
185        <receiver
185-->[androidx.profileinstaller:profileinstaller:1.4.0] AndroidManifest.xml:34:9-52:20
186            android:name="androidx.profileinstaller.ProfileInstallReceiver"
186-->[androidx.profileinstaller:profileinstaller:1.4.0] AndroidManifest.xml:35:13-76
187            android:directBootAware="false"
187-->[androidx.profileinstaller:profileinstaller:1.4.0] AndroidManifest.xml:36:13-44
188            android:enabled="true"
188-->[androidx.profileinstaller:profileinstaller:1.4.0] AndroidManifest.xml:37:13-35
189            android:exported="true"
189-->[androidx.profileinstaller:profileinstaller:1.4.0] AndroidManifest.xml:38:13-36
190            android:permission="android.permission.DUMP" >
190-->[androidx.profileinstaller:profileinstaller:1.4.0] AndroidManifest.xml:39:13-57
191            <intent-filter>
191-->[androidx.profileinstaller:profileinstaller:1.4.0] AndroidManifest.xml:40:13-42:29
192                <action android:name="androidx.profileinstaller.action.INSTALL_PROFILE" />
192-->[androidx.profileinstaller:profileinstaller:1.4.0] AndroidManifest.xml:41:17-91
192-->[androidx.profileinstaller:profileinstaller:1.4.0] AndroidManifest.xml:41:25-88
193            </intent-filter>
194            <intent-filter>
194-->[androidx.profileinstaller:profileinstaller:1.4.0] AndroidManifest.xml:43:13-45:29
195                <action android:name="androidx.profileinstaller.action.SKIP_FILE" />
195-->[androidx.profileinstaller:profileinstaller:1.4.0] AndroidManifest.xml:44:17-85
195-->[androidx.profileinstaller:profileinstaller:1.4.0] AndroidManifest.xml:44:25-82
196            </intent-filter>
197            <intent-filter>
197-->[androidx.profileinstaller:profileinstaller:1.4.0] AndroidManifest.xml:46:13-48:29
198                <action android:name="androidx.profileinstaller.action.SAVE_PROFILE" />
198-->[androidx.profileinstaller:profileinstaller:1.4.0] AndroidManifest.xml:47:17-88
198-->[androidx.profileinstaller:profileinstaller:1.4.0] AndroidManifest.xml:47:25-85
199            </intent-filter>
200            <intent-filter>
200-->[androidx.profileinstaller:profileinstaller:1.4.0] AndroidManifest.xml:49:13-51:29
201                <action android:name="androidx.profileinstaller.action.BENCHMARK_OPERATION" />
201-->[androidx.profileinstaller:profileinstaller:1.4.0] AndroidManifest.xml:50:17-95
201-->[androidx.profileinstaller:profileinstaller:1.4.0] AndroidManifest.xml:50:25-92
202            </intent-filter>
203        </receiver>
204    </application>
205
206</manifest>